<?xml version="1.0" encoding="UTF-8"?>
<!-- Generated by org.testng.reporters.JUnitReportReporter -->
<testsuite hostname="DESKTOP-DR8GQ8G" failures="0" tests="5" name="basics.Practice1" time="84.154" errors="0" timestamp="2024-02-21T14:03:29 IST" skipped="0">
  <testcase classname="basics.Practice1" name="tcs" time="16.332"/>
  <testcase classname="basics.Practice1" name="ril" time="17.288"/>
  <testcase classname="basics.Practice1" name="cil" time="13.782"/>
  <testcase classname="basics.Practice1" name="hul" time="12.608"/>
  <testcase classname="basics.Practice1" name="adaniGreen" time="24.144"/>
</testsuite> <!-- basics.Practice1 -->
