<?xml version="1.0" encoding="UTF-8"?>
<!-- Generated by org.testng.reporters.JUnitReportReporter -->
<testsuite hostname="DESKTOP-DR8GQ8G" failures="0" tests="5" name="basics.Practice2" time="44.496" errors="0" timestamp="2024-02-21T15:56:16 IST" skipped="0">
  <testcase classname="basics.Practice2" name="samsunggal7" time="11.403"/>
  <testcase classname="basics.Practice2" name="iphone632gb" time="8.730"/>
  <testcase classname="basics.Practice2" name="nokialumia1520" time="8.769"/>
  <testcase classname="basics.Practice2" name="samsungGalS6" time="7.874"/>
  <testcase classname="basics.Practice2" name="nexux6" time="7.720"/>
</testsuite> <!-- basics.Practice2 -->
